<?xml version="1.0" encoding="UTF-8"?>
<!-- Generated by org.testng.reporters.JUnitReportReporter -->
<testsuite hostname="DESKTOP-S2JNG44" failures="0" tests="1" name="com.amfam.qa.test.car.CarTestDataProvider" time="62.234" errors="0" timestamp="2022-06-12T20:00:00 MDT" skipped="0">
  <testcase classname="com.amfam.qa.test.car.CarTestDataProvider" name="carTest2" time="62.234"/>
  <system-out>
    <![CDATA[Element is Cliking : [[ChromeDriver: chrome on WINDOWS (7b03b8287e46e17adaff91448044fe43)] -> xpath: (//button[@class='LeadRouting__select a'])[1]]<br>
11417 : value passed to element : [[ChromeDriver: chrome on WINDOWS (7b03b8287e46e17adaff91448044fe43)] -> id: uid_54]<br>
Element is Cliking : Proxy element for: DefaultElementLocator 'By.xpath: (//span[@class='LoadingButton__content'])[1]'<br>
Element is Cliking : Proxy element for: DefaultElementLocator 'By.xpath: //span[text()='Get a Quote']'<br>
11417 : value passed to element : [[ChromeDriver: chrome on WINDOWS (7b03b8287e46e17adaff91448044fe43)] -> xpath: //input[@id='uid_34']]<br>
Sleeping for : 0.5 seconds zZzz..<br>
Avalue has been selected from the element : [[ChromeDriver: chrome on WINDOWS (7b03b8287e46e17adaff91448044fe43)] -> xpath: //select[@id='uid_37']]<br>
Element is Cliking : [[ChromeDriver: chrome on WINDOWS (7b03b8287e46e17adaff91448044fe43)] -> xpath: (//button[@type='submit'])[1]]<br>
kashem : value passed to element : [[ChromeDriver: chrome on WINDOWS (7b03b8287e46e17adaff91448044fe43)] -> id: F_PH_FirstName_0]<br>
J : value passed to element : [[ChromeDriver: chrome on WINDOWS (7b03b8287e46e17adaff91448044fe43)] -> id: F_PH_MiddleInitial_0]<br>
Ahmed : value passed to element : [[ChromeDriver: chrome on WINDOWS (7b03b8287e46e17adaff91448044fe43)] -> id: F_PH_LastName_0]<br>
06/03/1985 : value passed to element : [[ChromeDriver: chrome on WINDOWS (7b03b8287e46e17adaff91448044fe43)] -> id: F_PH_DOB_0]<br>
batman_95@yahoo.com : value passed to element : [[ChromeDriver: chrome on WINDOWS (7b03b8287e46e17adaff91448044fe43)] -> id: F_PH_email_0]<br>
10351 104th st : value passed to element : [[ChromeDriver: chrome on WINDOWS (7b03b8287e46e17adaff91448044fe43)] -> id: F_street_0]<br>
Ozone park : value passed to element : [[ChromeDriver: chrome on WINDOWS (7b03b8287e46e17adaff91448044fe43)] -> id: F_city_0]<br>
Sleeping for : 0.5 seconds zZzz..<br>
NYvalue has been selected from the element : [[ChromeDriver: chrome on WINDOWS (7b03b8287e46e17adaff91448044fe43)] -> id: F_state_0]<br>
11417 : value passed to element : [[ChromeDriver: chrome on WINDOWS (7b03b8287e46e17adaff91448044fe43)] -> id: F_zipCode_0]<br>
2016 : value passed to element : [[ChromeDriver: chrome on WINDOWS (7b03b8287e46e17adaff91448044fe43)] -> id: F_livingYear_0]<br>
Element is Cliking : [[ChromeDriver: chrome on WINDOWS (7b03b8287e46e17adaff91448044fe43)] -> xpath: //span[contains(.,'Continue')] ]<br>
Element is Cliking : [[ChromeDriver: chrome on WINDOWS (7b03b8287e46e17adaff91448044fe43)] -> id: Continue]<br>]]>
  </system-out>
</testsuite> <!-- com.amfam.qa.test.car.CarTestDataProvider -->
